CRITICAL - 2023-02-16 23:09:28 --> Invalid file: "contacto/contenido, $data2.php"
in SYSTEMPATH\Exceptions\FrameworkException.php on line 33.
 1 SYSTEMPATH\View\View.php(201): CodeIgniter\Exceptions\FrameworkException::forInvalidFile('contacto/contenido, $data2.php')
 2 SYSTEMPATH\Common.php(1177): CodeIgniter\View\View->render('contacto/contenido, $data2', [], true)
 3 APPPATH\Controllers\Contacto.php(22): view('contacto/contenido, $data2')
 4 SYSTEMPATH\CodeIgniter.php(934): App\Controllers\Contacto->index()
 5 SYSTEMPATH\CodeIgniter.php(499): CodeIgniter\CodeIgniter->runController(Object(App\Controllers\Contacto))
 6 SYSTEMPATH\CodeIgniter.php(368): CodeIgniter\CodeIgniter->handleRequest(null, Object(Config\Cache), false)
 7 FCPATH\index.php(67): CodeIgniter\CodeIgniter->run()
CRITICAL - 2023-02-16 23:10:02 --> Invalid file: "contacto/contenido, $data2.php"
in SYSTEMPATH\Exceptions\FrameworkException.php on line 33.
 1 SYSTEMPATH\View\View.php(201): CodeIgniter\Exceptions\FrameworkException::forInvalidFile('contacto/contenido, $data2.php')
 2 SYSTEMPATH\Common.php(1177): CodeIgniter\View\View->render('contacto/contenido, $data2', [], true)
 3 APPPATH\Controllers\Contacto.php(22): view('contacto/contenido, $data2')
 4 SYSTEMPATH\CodeIgniter.php(934): App\Controllers\Contacto->index()
 5 SYSTEMPATH\CodeIgniter.php(499): CodeIgniter\CodeIgniter->runController(Object(App\Controllers\Contacto))
 6 SYSTEMPATH\CodeIgniter.php(368): CodeIgniter\CodeIgniter->handleRequest(null, Object(Config\Cache), false)
 7 FCPATH\index.php(67): CodeIgniter\CodeIgniter->run()
CRITICAL - 2023-02-16 23:10:04 --> Invalid file: "contacto/contenido, $data2.php"
in SYSTEMPATH\Exceptions\FrameworkException.php on line 33.
 1 SYSTEMPATH\View\View.php(201): CodeIgniter\Exceptions\FrameworkException::forInvalidFile('contacto/contenido, $data2.php')
 2 SYSTEMPATH\Common.php(1177): CodeIgniter\View\View->render('contacto/contenido, $data2', [], true)
 3 APPPATH\Controllers\Contacto.php(22): view('contacto/contenido, $data2')
 4 SYSTEMPATH\CodeIgniter.php(934): App\Controllers\Contacto->index()
 5 SYSTEMPATH\CodeIgniter.php(499): CodeIgniter\CodeIgniter->runController(Object(App\Controllers\Contacto))
 6 SYSTEMPATH\CodeIgniter.php(368): CodeIgniter\CodeIgniter->handleRequest(null, Object(Config\Cache), false)
 7 FCPATH\index.php(67): CodeIgniter\CodeIgniter->run()
CRITICAL - 2023-02-16 23:10:04 --> Invalid file: "contacto/contenido, $data2.php"
in SYSTEMPATH\Exceptions\FrameworkException.php on line 33.
 1 SYSTEMPATH\View\View.php(201): CodeIgniter\Exceptions\FrameworkException::forInvalidFile('contacto/contenido, $data2.php')
 2 SYSTEMPATH\Common.php(1177): CodeIgniter\View\View->render('contacto/contenido, $data2', [], true)
 3 APPPATH\Controllers\Contacto.php(22): view('contacto/contenido, $data2')
 4 SYSTEMPATH\CodeIgniter.php(934): App\Controllers\Contacto->index()
 5 SYSTEMPATH\CodeIgniter.php(499): CodeIgniter\CodeIgniter->runController(Object(App\Controllers\Contacto))
 6 SYSTEMPATH\CodeIgniter.php(368): CodeIgniter\CodeIgniter->handleRequest(null, Object(Config\Cache), false)
 7 FCPATH\index.php(67): CodeIgniter\CodeIgniter->run()
CRITICAL - 2023-02-16 23:10:05 --> Invalid file: "contacto/contenido, $data2.php"
in SYSTEMPATH\Exceptions\FrameworkException.php on line 33.
 1 SYSTEMPATH\View\View.php(201): CodeIgniter\Exceptions\FrameworkException::forInvalidFile('contacto/contenido, $data2.php')
 2 SYSTEMPATH\Common.php(1177): CodeIgniter\View\View->render('contacto/contenido, $data2', [], true)
 3 APPPATH\Controllers\Contacto.php(22): view('contacto/contenido, $data2')
 4 SYSTEMPATH\CodeIgniter.php(934): App\Controllers\Contacto->index()
 5 SYSTEMPATH\CodeIgniter.php(499): CodeIgniter\CodeIgniter->runController(Object(App\Controllers\Contacto))
 6 SYSTEMPATH\CodeIgniter.php(368): CodeIgniter\CodeIgniter->handleRequest(null, Object(Config\Cache), false)
 7 FCPATH\index.php(67): CodeIgniter\CodeIgniter->run()
CRITICAL - 2023-02-16 23:10:05 --> Invalid file: "contacto/contenido, $data2.php"
in SYSTEMPATH\Exceptions\FrameworkException.php on line 33.
 1 SYSTEMPATH\View\View.php(201): CodeIgniter\Exceptions\FrameworkException::forInvalidFile('contacto/contenido, $data2.php')
 2 SYSTEMPATH\Common.php(1177): CodeIgniter\View\View->render('contacto/contenido, $data2', [], true)
 3 APPPATH\Controllers\Contacto.php(22): view('contacto/contenido, $data2')
 4 SYSTEMPATH\CodeIgniter.php(934): App\Controllers\Contacto->index()
 5 SYSTEMPATH\CodeIgniter.php(499): CodeIgniter\CodeIgniter->runController(Object(App\Controllers\Contacto))
 6 SYSTEMPATH\CodeIgniter.php(368): CodeIgniter\CodeIgniter->handleRequest(null, Object(Config\Cache), false)
 7 FCPATH\index.php(67): CodeIgniter\CodeIgniter->run()
CRITICAL - 2023-02-16 23:10:10 --> Invalid file: "contacto/contenido, $data2.php"
in SYSTEMPATH\Exceptions\FrameworkException.php on line 33.
 1 SYSTEMPATH\View\View.php(201): CodeIgniter\Exceptions\FrameworkException::forInvalidFile('contacto/contenido, $data2.php')
 2 SYSTEMPATH\Common.php(1177): CodeIgniter\View\View->render('contacto/contenido, $data2', [], true)
 3 APPPATH\Controllers\Contacto.php(22): view('contacto/contenido, $data2')
 4 SYSTEMPATH\CodeIgniter.php(934): App\Controllers\Contacto->index()
 5 SYSTEMPATH\CodeIgniter.php(499): CodeIgniter\CodeIgniter->runController(Object(App\Controllers\Contacto))
 6 SYSTEMPATH\CodeIgniter.php(368): CodeIgniter\CodeIgniter->handleRequest(null, Object(Config\Cache), false)
 7 FCPATH\index.php(67): CodeIgniter\CodeIgniter->run()
